<?xml version="1.0" encoding="UTF-8"?>
<coverage generated="1680025447423" clover="3.2.0">
  <project timestamp="1680025447424" name="All files">
    <metrics statements="21" coveredstatements="20" conditionals="9" coveredconditionals="8" methods="5" coveredmethods="5" elements="35" coveredelements="33" complexity="0" loc="21" ncloc="21" packages="1" files="1" classes="1"/>
    <file name="Roller.ts" path="/sandbox/src/Roller.ts">
      <metrics statements="21" coveredstatements="20" conditionals="9" coveredconditionals="8" methods="5" coveredmethods="5"/>
      <line num="1" count="1" type="stmt"/>
      <line num="9" count="3" type="stmt"/>
      <line num="16" count="12" type="cond" truecount="2" falsecount="0"/>
      <line num="17" count="1" type="stmt"/>
      <line num="19" count="11" type="stmt"/>
      <line num="21" count="12" type="stmt"/>
      <line num="22" count="12" type="stmt"/>
      <line num="36" count="8" type="cond" truecount="3" falsecount="0"/>
      <line num="37" count="4" type="stmt"/>
      <line num="40" count="4" type="stmt"/>
      <line num="42" count="4" type="stmt"/>
      <line num="43" count="4" type="cond" truecount="1" falsecount="1"/>
      <line num="44" count="0" type="stmt"/>
      <line num="46" count="4" type="stmt"/>
      <line num="49" count="4" type="stmt"/>
      <line num="55" count="3" type="stmt"/>
      <line num="64" count="2" type="stmt"/>
      <line num="65" count="2" type="stmt"/>
      <line num="66" count="12" type="stmt"/>
      <line num="67" count="12" type="cond" truecount="2" falsecount="0"/>
      <line num="69" count="2" type="stmt"/>
    </file>
  </project>
</coverage>
