{"/sandbox/src/Roller.ts": {"path":"/sandbox/src/Roller.ts","statementMap":{"0":{"start":{"line":9,"column":8},"end":{"line":9,"column":27}},"1":{"start":{"line":16,"column":8},"end":{"line":20,"column":null}},"2":{"start":{"line":17,"column":12},"end":{"line":17,"column":28}},"3":{"start":{"line":19,"column":12},"end":{"line":19,"column":32}},"4":{"start":{"line":21,"column":8},"end":{"line":21,"column":23}},"5":{"start":{"line":22,"column":8},"end":{"line":22,"column":55}},"6":{"start":{"line":36,"column":8},"end":{"line":38,"column":null}},"7":{"start":{"line":37,"column":12},"end":{"line":37,"column":21}},"8":{"start":{"line":40,"column":8},"end":{"line":40,"column":27}},"9":{"start":{"line":42,"column":27},"end":{"line":42,"column":56}},"10":{"start":{"line":43,"column":8},"end":{"line":47,"column":null}},"11":{"start":{"line":44,"column":12},"end":{"line":44,"column":50}},"12":{"start":{"line":46,"column":12},"end":{"line":46,"column":45}},"13":{"start":{"line":49,"column":8},"end":{"line":49,"column":21}},"14":{"start":{"line":55,"column":8},"end":{"line":55,"column":26}},"15":{"start":{"line":64,"column":20},"end":{"line":64,"column":45}},"16":{"start":{"line":65,"column":8},"end":{"line":68,"column":null}},"17":{"start":{"line":65,"column":21},"end":{"line":65,"column":22}},"18":{"start":{"line":66,"column":31},"end":{"line":66,"column":56}},"19":{"start":{"line":67,"column":12},"end":{"line":67,"column":34}},"20":{"start":{"line":69,"column":8},"end":{"line":69,"column":19}},"21":{"start":{"line":1,"column":0},"end":{"line":1,"column":13}}},"fnMap":{"0":{"name":"(anonymous_0)","decl":{"start":{"line":8,"column":4},"end":{"line":8,"column":12}},"loc":{"start":{"line":8,"column":12},"end":{"line":10,"column":5}}},"1":{"name":"(anonymous_1)","decl":{"start":{"line":15,"column":4},"end":{"line":15,"column":16}},"loc":{"start":{"line":15,"column":29},"end":{"line":23,"column":5}}},"2":{"name":"(anonymous_2)","decl":{"start":{"line":35,"column":4},"end":{"line":35,"column":8}},"loc":{"start":{"line":35,"column":22},"end":{"line":50,"column":5}}},"3":{"name":"(anonymous_3)","decl":{"start":{"line":54,"column":4},"end":{"line":54,"column":8}},"loc":{"start":{"line":54,"column":8},"end":{"line":56,"column":5}}},"4":{"name":"(anonymous_4)","decl":{"start":{"line":63,"column":4},"end":{"line":63,"column":16}},"loc":{"start":{"line":63,"column":16},"end":{"line":70,"column":5}}}},"branchMap":{"0":{"loc":{"start":{"line":16,"column":8},"end":{"line":20,"column":null}},"type":"if","locations":[{"start":{"line":16,"column":8},"end":{"line":20,"column":null}},{"start":{"line":18,"column":15},"end":{"line":20,"column":null}}]},"1":{"loc":{"start":{"line":36,"column":8},"end":{"line":38,"column":null}},"type":"if","locations":[{"start":{"line":36,"column":8},"end":{"line":38,"column":null}}]},"2":{"loc":{"start":{"line":36,"column":12},"end":{"line":36,"column":44}},"type":"binary-expr","locations":[{"start":{"line":36,"column":12},"end":{"line":36,"column":21}},{"start":{"line":36,"column":25},"end":{"line":36,"column":44}}]},"3":{"loc":{"start":{"line":43,"column":8},"end":{"line":47,"column":null}},"type":"if","locations":[{"start":{"line":43,"column":8},"end":{"line":47,"column":null}},{"start":{"line":45,"column":15},"end":{"line":47,"column":null}}]},"4":{"loc":{"start":{"line":67,"column":23},"end":{"line":67,"column":32}},"type":"binary-expr","locations":[{"start":{"line":67,"column":23},"end":{"line":67,"column":27}},{"start":{"line":67,"column":31},"end":{"line":67,"column":32}}]}},"s":{"0":3,"1":12,"2":1,"3":11,"4":12,"5":12,"6":8,"7":4,"8":4,"9":4,"10":4,"11":0,"12":4,"13":4,"14":3,"15":2,"16":2,"17":2,"18":12,"19":12,"20":2,"21":1},"f":{"0":3,"1":12,"2":8,"3":3,"4":2},"b":{"0":[1,11],"1":[4],"2":[8,7],"3":[0,4],"4":[12,10]}}
}
