TN:
SF:src/Roller.ts
FN:8,(anonymous_0)
FN:15,(anonymous_1)
FN:35,(anonymous_2)
FN:54,(anonymous_3)
FN:63,(anonymous_4)
FNF:5
FNH:5
FNDA:3,(anonymous_0)
FNDA:12,(anonymous_1)
FNDA:8,(anonymous_2)
FNDA:3,(anonymous_3)
FNDA:2,(anonymous_4)
DA:1,1
DA:9,3
DA:16,12
DA:17,1
DA:19,11
DA:21,12
DA:22,12
DA:36,8
DA:37,4
DA:40,4
DA:42,4
DA:43,4
DA:44,0
DA:46,4
DA:49,4
DA:55,3
DA:64,2
DA:65,2
DA:66,12
DA:67,12
DA:69,2
LF:21
LH:20
BRDA:16,0,0,1
BRDA:16,0,1,11
BRDA:36,1,0,4
BRDA:36,2,0,8
BRDA:36,2,1,7
BRDA:43,3,0,0
BRDA:43,3,1,4
BRDA:67,4,0,12
BRDA:67,4,1,10
BRF:9
BRH:8
end_of_record
